生成启动时间为 2023/10/7 13:28:04。
     1>项目“D:\Software\VisualStudio2010\project\UDPJL\KaoHe\KaoHe.vcxproj”在节点 2 上(build 个目标)。
     1>InitializeBuildStatus:
         正在创建“Debug\KaoHe.unsuccessfulbuild”，因为已指定“AlwaysCreate”。
       ClCompile:
         d:\Software\VisualStudio2010\VC\bin\CL.exe /c /ZI /nologo /W3 /WX- /Od /Oy- /D WIN32 /D _WINDOWS /D _DEBUG /D _MBCS /D _AFXDLL /Gm /EHsc /RTC1 /MDd /GS /fp:precise /Zc:wchar_t /Zc:forScope /Yc"StdAfx.h" /Fp"Debug\KaoHe.pch" /Fo"Debug\\" /Fd"Debug\vc100.pdb" /Gd /TP /analyze- /errorReport:prompt stdafx.cpp
         stdafx.cpp
         d:\Software\VisualStudio2010\VC\bin\CL.exe /c /ZI /nologo /W3 /WX- /Od /Oy- /D WIN32 /D _WINDOWS /D _DEBUG /D _MBCS /D _AFXDLL /Gm /EHsc /RTC1 /MDd /GS /fp:precise /Zc:wchar_t /Zc:forScope /Yu"StdAfx.h" /Fp"Debug\KaoHe.pch" /Fo"Debug\\" /Fd"Debug\vc100.pdb" /Gd /TP /analyze- /errorReport:prompt KaoHe.cpp KaoHeDlg.cpp tinyXml\tinystr.cpp tinyXml\tinyxml.cpp tinyXml\tinyxmlerror.cpp tinyXml\tinyxmlparser.cpp
         tinyxmlparser.cpp
         tinyxmlerror.cpp
         tinyxml.cpp
         tinystr.cpp
         KaoHeDlg.cpp
     1>d:\software\visualstudio2010\project\udpjl\kaohe\kaohedlg.cpp(343): warning C4018: “<”: 有符号/无符号不匹配
         KaoHe.cpp
         正在生成代码...
     1>d:\software\visualstudio2010\project\udpjl\kaohe\kaohedlg.cpp(325): warning C4715: “CKaoHeDlg::LoadPage”: 不是所有的控件路径都返回值
       ResourceCompile:
         C:\Program Files (x86)\Microsoft SDKs\Windows\v7.0A\bin\rc.exe /D _DEBUG /D _AFXDLL /l"0x0804" /IDebug\ /nologo /fo"Debug\KaoHe.res" KaoHe.rc 
       ManifestResourceCompile:
         C:\Program Files (x86)\Microsoft SDKs\Windows\v7.0A\bin\rc.exe /nologo /fo"Debug\KaoHe.exe.embed.manifest.res" Debug\KaoHe_manifest.rc 
       Link:
         d:\Software\VisualStudio2010\VC\bin\link.exe /ERRORREPORT:PROMPT /OUT:"D:\Software\VisualStudio2010\project\UDPJL\Debug\KaoHe.exe" /INCREMENTAL /NOLOGO /MANIFEST /ManifestFile:"Debug\KaoHe.exe.intermediate.manifest" /MANIFESTUAC:"level='asInvoker' uiAccess='false'" /DEBUG /PDB:"D:\Software\VisualStudio2010\project\UDPJL\Debug\KaoHe.pdb" /SUBSYSTEM:WINDOWS /TLBID:1 /DYNAMICBASE /NXCOMPAT /IMPLIB:"D:\Software\VisualStudio2010\project\UDPJL\Debug\KaoHe.lib" /MACHINE:X86 Debug\KaoHe.res
         Debug\KaoHe.exe.embed.manifest.res
         Debug\KaoHe.obj
         Debug\KaoHeDlg.obj
         Debug\stdafx.obj
         Debug\tinystr.obj
         Debug\tinyxml.obj
         Debug\tinyxmlerror.obj
         Debug\tinyxmlparser.obj
       Manifest:
         C:\Program Files (x86)\Microsoft SDKs\Windows\v7.0A\bin\mt.exe /nologo /verbose /out:"Debug\KaoHe.exe.embed.manifest" /manifest Debug\KaoHe.exe.intermediate.manifest d:\Software\VisualStudio2010\VC\Include\Manifest\dpiaware.manifest
         所有输出均为最新。
       LinkEmbedManifest:
         所有输出均为最新。
         KaoHe.vcxproj -> D:\Software\VisualStudio2010\project\UDPJL\Debug\KaoHe.exe
       FinalizeBuildStatus:
         正在删除文件“Debug\KaoHe.unsuccessfulbuild”。
         正在对“Debug\KaoHe.lastbuildstate”执行 Touch 任务。
     1>已完成生成项目“D:\Software\VisualStudio2010\project\UDPJL\KaoHe\KaoHe.vcxproj”(build 个目标)的操作。

生成成功。

已用时间 00:00:04.95
